<?xml version="1.0" encoding="UTF-8"?>
<testng-results ignored="0" total="1" passed="1" failed="0" skipped="0">
  <reporter-output>
  </reporter-output>
  <suite started-at="2023-09-08T10:58:34 ART" name="Default suite" finished-at="2023-09-08T10:58:42 ART" duration-ms="7858">
    <groups>
    </groups>
    <test started-at="2023-09-08T10:58:34 ART" name="Default test" finished-at="2023-09-08T10:58:42 ART" duration-ms="7858">
      <class name="MyFirstTest">
        <test-method is-config="true" signature="beforeClass()[pri:0, instance:MyFirstTest@128d2484]" started-at="2023-09-08T10:58:34 ART" name="beforeClass" finished-at="2023-09-08T10:58:34 ART" duration-ms="13" status="PASS">
          <reporter-output>
          </reporter-output>
        </test-method> <!-- beforeClass -->
        <test-method signature="openGlobantWebTest()[pri:0, instance:MyFirstTest@128d2484]" started-at="2023-09-08T10:58:34 ART" name="openGlobantWebTest" finished-at="2023-09-08T10:58:41 ART" duration-ms="7261" status="PASS">
          <reporter-output>
          </reporter-output>
        </test-method> <!-- openGlobantWebTest -->
        <test-method is-config="true" signature="afterClass()[pri:0, instance:MyFirstTest@128d2484]" started-at="2023-09-08T10:58:41 ART" name="afterClass" finished-at="2023-09-08T10:58:42 ART" duration-ms="559" status="PASS">
          <reporter-output>
          </reporter-output>
        </test-method> <!-- afterClass -->
      </class> <!-- MyFirstTest -->
    </test> <!-- Default test -->
  </suite> <!-- Default suite -->
</testng-results>
